<?xml version="1.0" encoding="UTF-8"?>
<testsuite name="Reserva de vuelo" tests="1" skipped="0" failures="0" errors="0" timestamp="2022-08-09T14:57:26" hostname="DESKTOP-42PCL9G" time="25.821">
  <properties/>
  <testcase name="Reserva de vuelo exitoso" classname="Reserva de vuelo" time="25.821"/>
  <system-out><![CDATA[09:57:26.262 [Test worker] INFO io.cucumber.core.plugin.SerenityReporter - Running feature from file:///C:/Users/HOME/Desktop/Semillero%20SQA/MiProyectoScreenplay/src/test/resources/features/vuelos.feature
09:57:26.377 [Test worker] INFO  - 
 _____ _____ ____ _____   ____ _____  _    ____ _____ _____ ____  
|_   _| ____/ ___|_   _| / ___|_   _|/ \  |  _ \_   _| ____|  _ \ 
  | | |  _| \___ \ | |   \___ \ | | / _ \ | |_) || | |  _| | | | |
  | | | |___ ___) || |    ___) || |/ ___ \|  _ < | | | |___| |_| |
  |_| |_____|____/ |_|   |____/ |_/_/   \_\_| \_\|_| |_____|____/ 

Reserva de vuelo exitoso(reserva-de-vuelo;reserva-de-vuelo-exitoso)
-------------------------------------------------------------------
09:57:26.453 [Test worker] DEBUG net.thucydides.core.requirements.model.cucumber.CucumberParser - Added feature Login exitoso
09:57:26.468 [Test worker] DEBUG net.thucydides.core.requirements.model.cucumber.CucumberParser - Added feature Reserva de vuelo
09:57:27.254 [Test worker] DEBUG net.thucydides.core.steps.StepInterceptor - STARTING STEP: LoginStepDefinition.elUsuarioSeEncuentraEnLaPaginaWeb - {0} opens the #targetPage
09:57:27.318 [Test worker] INFO net.serenitybdd.core.webdriver.driverproviders.ChromeDriverProvider - Using automatically driver download
09:57:28.058 [Test worker] DEBUG io.github.bonigarcia.wdm.cache.ResolutionCache - Removing resolution chrome=104 from cache (expired on Tue Aug 09 09:32:27 COT 2022)
09:57:28.066 [Test worker] DEBUG io.github.bonigarcia.wdm.versions.Shell - Running command on the shell: [wmic.exe, datafile, where, name='C:\\Program Files (x86)\\Google\\Chrome\\Application\\chrome.exe', get, Version, /value]
09:57:28.218 [Test worker] DEBUG io.github.bonigarcia.wdm.versions.Shell - Result: Version=104.0.5112.81
09:57:28.221 [Test worker] DEBUG io.github.bonigarcia.wdm.cache.ResolutionCache - Resolution chrome104=104.0.5112.79 in cache (valid until 17:22:08 09/08/2022 COT)
09:57:28.221 [Test worker] INFO io.github.bonigarcia.wdm.WebDriverManager - Using chromedriver 104.0.5112.79 (resolved driver for Chrome 104)
09:57:28.224 [Test worker] DEBUG io.github.bonigarcia.wdm.cache.ResolutionCache - Storing resolution chrome=104 in cache (valid until 10:57:28 09/08/2022 COT)
09:57:28.233 [Test worker] DEBUG io.github.bonigarcia.wdm.WebDriverManager - Driver chromedriver 104.0.5112.79 found in cache
09:57:28.234 [Test worker] INFO io.github.bonigarcia.wdm.WebDriverManager - Exporting webdriver.chrome.driver as C:\Users\HOME\.cache\selenium\chromedriver\win32\104.0.5112.79\chromedriver.exe
09:57:28.877 [Test worker] INFO net.serenitybdd.core.webdriver.driverproviders.ProvideNewDriver - Instantiating driver
09:57:28.877 [Test worker] INFO net.serenitybdd.core.webdriver.driverproviders.ProvideNewDriver - Driver capabilities: Capabilities {acceptInsecureCerts: false, browserName: chrome, chrome.switches: --start-maximized --disable..., goog:chromeOptions: {args: [--start-maximized, --disable-popup-blocking], extensions: []}, loggingPrefs: org.openqa.selenium.logging...}
09:57:33.929 [Test worker] DEBUG net.serenitybdd.core.photography.Darkroom - Opening darkroom
09:57:33.930 [Darkroom Processing Line] DEBUG net.serenitybdd.core.photography.DarkroomProcessingLine - Darkroom processing line starting up
09:57:34.817 [Test worker] DEBUG net.serenitybdd.core.photography.Darkroom - Send negative for processing for C:\Users\HOME\Desktop\Semillero SQA\MiProyectoScreenplay\target\site\serenity\34f2aefc12cd0ac74dae86a828ff16b16b75c0702f6cee69811c2ae39683bc31.png
09:57:34.822 [Test worker] DEBUG net.thucydides.core.steps.StepInterceptor - STEP DONE: {0} opens the #targetPage
09:57:35.471 [Test worker] DEBUG net.serenitybdd.core.photography.Darkroom - Send negative for processing for C:\Users\HOME\Desktop\Semillero SQA\MiProyectoScreenplay\target\site\serenity\34f2aefc12cd0ac74dae86a828ff16b16b75c0702f6cee69811c2ae39683bc31.png
09:57:35.811 [Test worker] DEBUG net.serenitybdd.core.photography.Darkroom - Send negative for processing for C:\Users\HOME\Desktop\Semillero SQA\MiProyectoScreenplay\target\site\serenity\34f2aefc12cd0ac74dae86a828ff16b16b75c0702f6cee69811c2ae39683bc31.png
09:57:35.813 [Test worker] DEBUG net.thucydides.core.steps.StepInterceptor - STARTING STEP: LoginStepDefinition.elIngreseLasCredenciales - performAs
09:57:37.343 [Test worker] DEBUG net.serenitybdd.core.photography.Darkroom - Send negative for processing for C:\Users\HOME\Desktop\Semillero SQA\MiProyectoScreenplay\target\site\serenity\34f2aefc12cd0ac74dae86a828ff16b16b75c0702f6cee69811c2ae39683bc31.png
09:57:37.344 [Test worker] DEBUG net.thucydides.core.steps.StepInterceptor - STARTING STEP: Login.performAs - {0} enters #theTextAsAString into #target
09:57:37.347 [Test worker] DEBUG net.serenitybdd.screenplay.targets.IFrameSwitcher - default content already selected for Ingresar el usuario
09:57:38.341 [Test worker] DEBUG net.serenitybdd.core.photography.Darkroom - Send negative for processing for C:\Users\HOME\Desktop\Semillero SQA\MiProyectoScreenplay\target\site\serenity\6ba5eae21c94ce216c911c1526390eb86438b18ace9a3e7c9710adaf395092d9.png
09:57:38.758 [Test worker] DEBUG net.serenitybdd.core.photography.Darkroom - Send negative for processing for C:\Users\HOME\Desktop\Semillero SQA\MiProyectoScreenplay\target\site\serenity\6ba5eae21c94ce216c911c1526390eb86438b18ace9a3e7c9710adaf395092d9.png
09:57:38.760 [Test worker] DEBUG net.thucydides.core.steps.StepInterceptor - STEP DONE: {0} enters #theTextAsAString into #target
09:57:38.788 [Test worker] DEBUG net.thucydides.core.steps.StepInterceptor - STARTING STEP: Login.performAs - {0} enters #theTextAsAString into #target
09:57:38.789 [Test worker] DEBUG net.serenitybdd.screenplay.targets.IFrameSwitcher - default content already selected for Ingresar la clave
09:57:39.616 [Test worker] DEBUG net.serenitybdd.core.photography.Darkroom - Send negative for processing for C:\Users\HOME\Desktop\Semillero SQA\MiProyectoScreenplay\target\site\serenity\6b3a071310e7089229d9351c02537fa920584b67df0f8ffb186b66a917493e2f.png
09:57:39.636 [Test worker] DEBUG net.thucydides.core.steps.StepInterceptor - STEP DONE: {0} enters #theTextAsAString into #target
09:57:39.643 [Test worker] DEBUG net.serenitybdd.screenplay.targets.IFrameSwitcher - default content already selected for Click ingresar
09:57:40.273 [Test worker] DEBUG net.serenitybdd.core.photography.Darkroom - Send negative for processing for C:\Users\HOME\Desktop\Semillero SQA\MiProyectoScreenplay\target\site\serenity\6a00b2e4dcdca094320a837651e9c3b3505cbf713ba4194964a5a754de5613fe.png
09:57:40.275 [Test worker] DEBUG net.thucydides.core.steps.StepInterceptor - STARTING STEP: Login.performAs - {0} clicks on #target
09:57:40.276 [Test worker] DEBUG net.serenitybdd.screenplay.targets.IFrameSwitcher - default content already selected for Click ingresar
09:57:43.946 [Test worker] DEBUG net.serenitybdd.core.photography.Darkroom - Send negative for processing for C:\Users\HOME\Desktop\Semillero SQA\MiProyectoScreenplay\target\site\serenity\2307224ece6909123384ff19ee9ad9d856e16569c0a8ad5589193cfb11833080.png
09:57:43.971 [Test worker] DEBUG net.thucydides.core.steps.StepInterceptor - STEP DONE: {0} clicks on #target
09:57:44.302 [Test worker] DEBUG net.serenitybdd.core.photography.Darkroom - Send negative for processing for C:\Users\HOME\Desktop\Semillero SQA\MiProyectoScreenplay\target\site\serenity\2307224ece6909123384ff19ee9ad9d856e16569c0a8ad5589193cfb11833080.png
09:57:44.305 [Test worker] DEBUG net.thucydides.core.steps.StepInterceptor - STEP DONE: performAs
09:57:44.576 [Test worker] DEBUG net.serenitybdd.core.photography.Darkroom - Send negative for processing for C:\Users\HOME\Desktop\Semillero SQA\MiProyectoScreenplay\target\site\serenity\2307224ece6909123384ff19ee9ad9d856e16569c0a8ad5589193cfb11833080.png
09:57:44.577 [Test worker] DEBUG net.thucydides.core.steps.StepInterceptor - STARTING STEP: VuelosStepDefinition.elUsuarioEstaEnLaPaginaDeVuelos - performAs
09:57:44.582 [Test worker] DEBUG net.serenitybdd.screenplay.targets.IFrameSwitcher - default content already selected for Click en vuelos
09:57:44.920 [Test worker] DEBUG net.serenitybdd.core.photography.Darkroom - Send negative for processing for C:\Users\HOME\Desktop\Semillero SQA\MiProyectoScreenplay\target\site\serenity\2307224ece6909123384ff19ee9ad9d856e16569c0a8ad5589193cfb11833080.png
09:57:44.921 [Test worker] DEBUG net.thucydides.core.steps.StepInterceptor - STARTING STEP: Vuelos.performAs - {0} clicks on #target
09:57:44.922 [Test worker] DEBUG net.serenitybdd.screenplay.targets.IFrameSwitcher - default content already selected for Click en vuelos
09:57:46.010 [Test worker] DEBUG net.serenitybdd.core.photography.Darkroom - Send negative for processing for C:\Users\HOME\Desktop\Semillero SQA\MiProyectoScreenplay\target\site\serenity\3deb157c4951c9769c1291efb309ac3ddd54e43f5b8f7a49c25e46e1ff7d53da.png
09:57:46.011 [Darkroom Processing Line] DEBUG net.serenitybdd.core.photography.DarkroomProcessingLine - Processing screenshot image in /var/screenshots/screenshot-166515570900543517
09:57:46.011 [Darkroom Processing Line] DEBUG net.serenitybdd.core.photography.DarkroomProcessingLine - Saving screenshot to C:\Users\HOME\Desktop\Semillero SQA\MiProyectoScreenplay\target\site\serenity\3deb157c4951c9769c1291efb309ac3ddd54e43f5b8f7a49c25e46e1ff7d53da.png
09:57:46.031 [Test worker] DEBUG net.thucydides.core.steps.StepInterceptor - STEP DONE: {0} clicks on #target
09:57:46.050 [Test worker] DEBUG net.thucydides.core.steps.StepInterceptor - STARTING STEP: Vuelos.performAs - {0} clicks on #target
09:57:46.051 [Test worker] DEBUG net.serenitybdd.screenplay.targets.IFrameSwitcher - default content already selected for Seleccionar opcion unica
09:57:50.112 [Test worker] DEBUG net.serenitybdd.core.photography.Darkroom - Send negative for processing for C:\Users\HOME\Desktop\Semillero SQA\MiProyectoScreenplay\target\site\serenity\a44efd838dfc5951b8bdf1c3e30483ef18bd9557e45e4af85874dc2a99012773.png
09:57:50.147 [Test worker] DEBUG net.thucydides.core.steps.StepInterceptor - STEP DONE: {0} clicks on #target
09:57:50.515 [Test worker] DEBUG net.serenitybdd.core.photography.Darkroom - Send negative for processing for C:\Users\HOME\Desktop\Semillero SQA\MiProyectoScreenplay\target\site\serenity\a44efd838dfc5951b8bdf1c3e30483ef18bd9557e45e4af85874dc2a99012773.png
09:57:50.516 [Test worker] DEBUG net.thucydides.core.steps.StepInterceptor - STEP DONE: performAs
09:57:50.848 [Test worker] DEBUG net.serenitybdd.core.photography.Darkroom - Send negative for processing for C:\Users\HOME\Desktop\Semillero SQA\MiProyectoScreenplay\target\site\serenity\a44efd838dfc5951b8bdf1c3e30483ef18bd9557e45e4af85874dc2a99012773.png
09:57:51.907 [Test worker] INFO  - 
        __    _____ _____ ____ _____   ____   _    ____  ____  _____ ____  
  _     \ \  |_   _| ____/ ___|_   _| |  _ \ / \  / ___|/ ___|| ____|  _ \ 
 (_)_____| |   | | |  _| \___ \ | |   | |_) / _ \ \___ \\___ \|  _| | | | |
  _|_____| |   | | | |___ ___) || |   |  __/ ___ \ ___) |___) | |___| |_| |
 (_)     | |   |_| |_____|____/ |_|   |_| /_/   \_\____/|____/|_____|____/ 
        /_/                                                                

Reserva de vuelo exitoso
----------------------------------------------------------------------------
]]></system-out>
  <system-err><![CDATA[Starting ChromeDriver 104.0.5112.79 (3cf3e8c8a07d104b9e1260c910efb8f383285dc5-refs/branch-heads/5112@{#1307}) on port 13679
Only local connections are allowed.
Please see https://chromedriver.chromium.org/security-considerations for suggestions on keeping ChromeDriver safe.
ChromeDriver was started successfully.
ago 09, 2022 9:57:30 AM org.openqa.selenium.remote.ProtocolHandshake createSession
INFORMACIÓN: Detected dialect: W3C
]]></system-err>
</testsuite>
