<?xml version="1.0" encoding="UTF-8"?>
<testsuite name="com.demo.guru99.Runners.VuelosRunner" tests="0" skipped="0" failures="0" errors="0" timestamp="1970-01-01T00:00:00" hostname="DESKTOP-42PCL9G" time="0.0">
  <properties/>
  <system-out><![CDATA[09:57:25.159 [Test worker] DEBUG net.thucydides.core.util.PropertiesFileLocalPreferences - LOADING LOCAL PROPERTIES FROM C:\Users\HOME\Desktop\Semillero SQA\MiProyectoScreenplay\serenity.properties 
09:57:25.263 [Test worker] DEBUG net.thucydides.core.util.PropertiesFileLocalPreferences - LOADING LOCAL PROPERTIES FROM C:\Users\HOME\Desktop\Semillero SQA\MiProyectoScreenplay\serenity.properties 
09:57:25.264 [Test worker] DEBUG net.thucydides.core.util.PropertiesFileLocalPreferences - LOADING LOCAL PROPERTIES FROM C:\Users\HOME\Desktop\Semillero SQA\MiProyectoScreenplay\serenity.properties 
09:57:25.280 [Test worker] DEBUG net.thucydides.core.util.PropertiesFileLocalPreferences - webdriver.driver=chrome
09:57:25.281 [Test worker] DEBUG net.thucydides.core.util.PropertiesFileLocalPreferences - webdriver.chrome.driver=chromedriver.exe
09:57:25.281 [Test worker] DEBUG net.thucydides.core.util.PropertiesFileLocalPreferences - chrome.switches=--start-maximized --disable-popup-blocking
09:57:25.282 [Test worker] DEBUG net.thucydides.core.util.PropertiesFileLocalPreferences - serenity.take.screenshots=FOR_EACH_ACTION
09:57:25.284 [Test worker] DEBUG net.thucydides.core.util.PropertiesFileLocalPreferences - webdriver.timeouts.implicitlywait=10000
09:57:25.677 [Test worker] INFO io.cucumber.core.plugin.SerenityReporter - Running feature from file:///C:/Users/HOME/Desktop/Semillero%20SQA/MiProyectoScreenplay/src/test/resources/features/vuelos.feature
09:57:25.943 [Test worker] DEBUG net.thucydides.core.util.PropertiesFileLocalPreferences - LOADING LOCAL PROPERTIES FROM C:\Users\HOME\Desktop\Semillero SQA\MiProyectoScreenplay\serenity.properties 
09:57:25.990 [Test worker] DEBUG net.thucydides.core.util.PropertiesFileLocalPreferences - LOADING LOCAL PROPERTIES FROM C:\Users\HOME\Desktop\Semillero SQA\MiProyectoScreenplay\serenity.properties 
09:57:25.991 [Test worker] DEBUG net.thucydides.core.util.PropertiesFileLocalPreferences - LOADING LOCAL PROPERTIES FROM C:\Users\HOME\Desktop\Semillero SQA\MiProyectoScreenplay\serenity.properties 
09:57:25.993 [Test worker] DEBUG net.thucydides.core.util.PropertiesFileLocalPreferences - webdriver.driver=chrome
09:57:25.993 [Test worker] DEBUG net.thucydides.core.util.PropertiesFileLocalPreferences - webdriver.chrome.driver=chromedriver.exe
09:57:25.993 [Test worker] DEBUG net.thucydides.core.util.PropertiesFileLocalPreferences - chrome.switches=--start-maximized --disable-popup-blocking
09:57:25.993 [Test worker] DEBUG net.thucydides.core.util.PropertiesFileLocalPreferences - serenity.take.screenshots=FOR_EACH_ACTION
09:57:25.993 [Test worker] DEBUG net.thucydides.core.util.PropertiesFileLocalPreferences - webdriver.timeouts.implicitlywait=10000
09:57:26.010 [Test worker] INFO  - 

-------------------------------------------------------------------------------------
     _______. _______ .______       _______ .__   __.  __  .___________.____    ____ 
    /       ||   ____||   _  \     |   ____||  \ |  | |  | |           |\   \  /   / 
   |   (----`|  |__   |  |_)  |    |  |__   |   \|  | |  | `---|  |----` \   \/   /  
    \   \    |   __|  |      /     |   __|  |  . `  | |  |     |  |       \_    _/   
.----)   |   |  |____ |  |\  \----.|  |____ |  |\   | |  |     |  |         |  |     
|_______/    |_______|| _| `._____||_______||__| \__| |__|     |__|         |__|    
                                                                                     
 News and tutorials at http://www.serenity-bdd.info                                  
 Documentation at https://wakaleo.gitbooks.io/the-serenity-book/content/             
 Join the Serenity Community on Gitter: https://gitter.im/serenity-bdd/serenity-core 
 Serenity BDD Support and Training at http://serenity-bdd.info/#/trainingandsupport  
-------------------------------------------------------------------------------------

09:57:26.019 [Test worker] DEBUG net.thucydides.core.steps.StepEventBus - Test suite started for story net.thucydides.core.model.Story@73720ca0
09:57:26.026 [Test worker] INFO  - Test Suite Started: Reserva de vuelo

1 Scenarios (?[32m1 passed?[0m)
5 Steps (?[32m5 passed?[0m)
0m26,247s


09:57:51.928 [Test worker] DEBUG net.thucydides.core.reports.ReportService - Reporting formats: [JSON, HTML]
09:57:52.519 [Test worker] DEBUG net.thucydides.core.reports.ReportService - Reporting formats: [JSON, HTML]
09:57:52.535 [Test worker] DEBUG net.thucydides.core.reports.ReportService - Generating reports for 1 test outcomes using: net.thucydides.core.reports.json.JSONTestOutcomeReporter@45cd8607
09:57:52.538 [pool-1-thread-1] DEBUG net.thucydides.core.reports.ReportService - Processing test outcome Reserva de vuelo:Reserva de vuelo exitoso
09:57:52.538 [pool-1-thread-1] DEBUG net.thucydides.core.reports.ReportService - net.thucydides.core.reports.json.JSONTestOutcomeReporter@45cd8607: Generating report for test outcome: Reserva de vuelo:Reserva de vuelo exitoso
09:57:52.545 [pool-1-thread-1] DEBUG net.thucydides.core.reports.json.JSONTestOutcomeReporter - Generating JSON report for Reserva de vuelo exitoso to file C:\Users\HOME\Desktop\Semillero SQA\MiProyectoScreenplay\target\site\serenity\751e63dd83bb9828d4ce6b2895db7585d19e4c2cf79584b0b26c5a5c0c064281.json (using temp file C:\Users\HOME\Desktop\Semillero SQA\MiProyectoScreenplay\target\site\serenity\751e63dd83bb9828d4ce6b2895db7585d19e4c2cf79584b0b26c5a5c0c064281.json3eac1746-1719-4e27-8492-83667ed81ccb)
09:57:52.667 [pool-1-thread-1] DEBUG net.thucydides.core.reports.ReportService - Processing test outcome Reserva de vuelo:Reserva de vuelo exitoso done
09:57:52.668 [Test worker] DEBUG net.thucydides.core.reports.ReportService - Shutting down executor service
09:57:52.669 [Test worker] DEBUG net.thucydides.core.reports.ReportService - Reports generated in: 132 ms
09:57:52.669 [Test worker] DEBUG net.thucydides.core.reports.ReportService - Generating reports for 1 test outcomes using: net.thucydides.core.reports.html.HtmlAcceptanceTestReporter@1570cad0
09:57:52.706 [pool-2-thread-1] DEBUG net.thucydides.core.reports.ReportService - Processing test outcome Reserva de vuelo:Reserva de vuelo exitoso
09:57:52.708 [pool-2-thread-1] DEBUG net.thucydides.core.reports.ReportService - net.thucydides.core.reports.html.HtmlAcceptanceTestReporter@1570cad0: Generating report for test outcome: Reserva de vuelo:Reserva de vuelo exitoso
09:57:52.708 [pool-2-thread-1] DEBUG net.thucydides.core.reports.html.HtmlAcceptanceTestReporter - GENERATE TEST OUTCOME REPORT FOR Reserva de vuelo exitoso in 751e63dd83bb9828d4ce6b2895db7585d19e4c2cf79584b0b26c5a5c0c064281
09:57:52.765 [pool-2-thread-1] DEBUG net.thucydides.core.requirements.model.cucumber.CucumberParser - Added feature Login exitoso
09:57:52.772 [pool-2-thread-1] DEBUG net.thucydides.core.requirements.model.cucumber.CucumberParser - Added feature Reserva de vuelo
09:57:52.773 [pool-2-thread-1] DEBUG net.thucydides.core.requirements.RequirementsTagProvider -  found:[Requirement{name='Login exitoso', type='feature' parent = 'null', cardNumber='null'}, Requirement{name='Reserva de vuelo', type='feature' parent = 'null', cardNumber='null'}]
09:57:52.782 [pool-2-thread-1] DEBUG net.thucydides.core.requirements.BaseRequirementsService - Requirement found for test outcome Reserva de vuelo exitoso-[]: Optional[Requirement{name='Reserva de vuelo', type='feature' parent = 'null', cardNumber='null'}]
09:57:52.787 [pool-2-thread-1] DEBUG net.thucydides.core.requirements.BaseRequirementsService - Requirement found for test outcome Reserva de vuelo exitoso-[]: Optional[Requirement{name='Reserva de vuelo', type='feature' parent = 'null', cardNumber='null'}]
09:57:52.837 [pool-2-thread-1] DEBUG net.thucydides.core.requirements.BaseRequirementsService - Requirement found for test outcome Reserva de vuelo exitoso-[]: Optional[Requirement{name='Reserva de vuelo', type='feature' parent = 'null', cardNumber='null'}]
09:57:52.839 [pool-2-thread-1] DEBUG net.thucydides.core.requirements.BaseRequirementsService - Requirement found for test outcome Reserva de vuelo exitoso-[]: Optional[Requirement{name='Reserva de vuelo', type='feature' parent = 'null', cardNumber='null'}]
09:57:53.030 [pool-2-thread-1] DEBUG net.thucydides.core.reports.html.HtmlAcceptanceTestReporter - Generating report in 751e63dd83bb9828d4ce6b2895db7585d19e4c2cf79584b0b26c5a5c0c064281_screenshots.html
09:57:53.899 [pool-2-thread-1] DEBUG net.thucydides.core.reports.html.HtmlAcceptanceTestReporter - Generated report 751e63dd83bb9828d4ce6b2895db7585d19e4c2cf79584b0b26c5a5c0c064281_screenshots.html in 869 ms
09:57:53.904 [pool-2-thread-1] DEBUG net.thucydides.core.reports.html.HtmlAcceptanceTestReporter - GENERATING HTML REPORT FOR Reserva de vuelo:Reserva de vuelo exitoso in 751e63dd83bb9828d4ce6b2895db7585d19e4c2cf79584b0b26c5a5c0c064281.html in directory C:\Users\HOME\Desktop\Semillero SQA\MiProyectoScreenplay\target\site\serenity  
09:57:53.908 [pool-2-thread-1] DEBUG net.thucydides.core.reports.html.HtmlAcceptanceTestReporter - Generating report in 751e63dd83bb9828d4ce6b2895db7585d19e4c2cf79584b0b26c5a5c0c064281.html
09:57:54.492 [pool-2-thread-1] DEBUG net.thucydides.core.reports.html.HtmlAcceptanceTestReporter - Generated report 751e63dd83bb9828d4ce6b2895db7585d19e4c2cf79584b0b26c5a5c0c064281.html in 584 ms
09:57:54.492 [pool-2-thread-1] DEBUG net.thucydides.core.reports.ReportService - Processing test outcome Reserva de vuelo:Reserva de vuelo exitoso done
09:57:54.494 [Test worker] DEBUG net.thucydides.core.reports.ReportService - Shutting down executor service
09:57:54.495 [Test worker] DEBUG net.thucydides.core.reports.ReportService - Reports generated in: 1826 ms
09:57:54.556 [Test worker] INFO io.cucumber.core.plugin.SerenityReporter - Cleanup test resources for URI file:///C:/Users/HOME/Desktop/Semillero%20SQA/MiProyectoScreenplay/src/test/resources/features/vuelos.feature
09:57:54.557 [Test worker] DEBUG net.serenitybdd.core.photography.Darkroom - Closing darkroom
09:57:54.557 [Darkroom Processing Line] DEBUG net.serenitybdd.core.photography.DarkroomProcessingLine - Darkroom processing line shutting down
]]></system-out>
  <system-err><![CDATA[]]></system-err>
</testsuite>
